# JRE version: OpenJDK Runtime Environment (8.0_422-b05) (build 1.8.0_422-422-b05)
# Java VM: OpenJDK Server VM (25.422-b05 mixed mode windows-x86 )
Heap:
 PSYoungGen      total 19200K, used 2544K [0x2f6c0000, 0x30c00000, 0x3e000000)
  eden space 16640K, 0% used [0x2f6c0000,0x2f6c0000,0x30700000)
  from space 2560K, 99% used [0x30700000,0x3097c008,0x30980000)
  to   space 2560K, 0% used [0x30980000,0x30980000,0x30c00000)
 ParOldGen       total 43776K, used 4380K [0x12400000, 0x14ec0000, 0x2f6c0000)
  object space 43776K, 10% used [0x12400000,0x12847198,0x14ec0000)
 Metaspace       used 12413K, capacity 12622K, committed 12672K, reserved 14720K
GC Heap History (4 events):
Event: 1.375 GC heap before
{Heap before GC invocations=1 (full 0):
 PSYoungGen      total 19200K, used 16640K [0x2f6c0000, 0x30c00000, 0x3e000000)
  eden space 16640K, 100% used [0x2f6c0000,0x30700000,0x30700000)
  from space 2560K, 0% used [0x30980000,0x30980000,0x30c00000)
  to   space 2560K, 0% used [0x30700000,0x30700000,0x30980000)
 ParOldGen       total 43776K, used 0K [0x12400000, 0x14ec0000, 0x2f6c0000)
  object space 43776K, 0% used [0x12400000,0x12400000,0x14ec0000)
 Metaspace       used 9016K, capacity 9209K, committed 9344K, reserved 9600K
Event: 1.380 GC heap after
Heap after GC invocations=1 (full 0):
 PSYoungGen      total 19200K, used 2546K [0x2f6c0000, 0x30c00000, 0x3e000000)
  eden space 16640K, 0% used [0x2f6c0000,0x2f6c0000,0x30700000)
  from space 2560K, 99% used [0x30700000,0x3097cb58,0x30980000)
  to   space 2560K, 0% used [0x30980000,0x30980000,0x30c00000)
 ParOldGen       total 43776K, used 1548K [0x12400000, 0x14ec0000, 0x2f6c0000)
  object space 43776K, 3% used [0x12400000,0x125831b0,0x14ec0000)
 Metaspace       used 9016K, capacity 9209K, committed 9344K, reserved 9600K
}
Event: 6.853 GC heap before
{Heap before GC invocations=2 (full 0):
 PSYoungGen      total 19200K, used 19186K [0x2f6c0000, 0x30c00000, 0x3e000000)
  eden space 16640K, 100% used [0x2f6c0000,0x30700000,0x30700000)
  from space 2560K, 99% used [0x30700000,0x3097cb58,0x30980000)
  to   space 2560K, 0% used [0x30980000,0x30980000,0x30c00000)
 ParOldGen       total 43776K, used 1548K [0x12400000, 0x14ec0000, 0x2f6c0000)
  object space 43776K, 3% used [0x12400000,0x125831b0,0x14ec0000)
 Metaspace       used 11892K, capacity 12117K, committed 12288K, reserved 12672K
Event: 6.857 GC heap after
Heap after GC invocations=2 (full 0):
 PSYoungGen      total 19200K, used 2544K [0x2f6c0000, 0x30c00000, 0x3e000000)
  eden space 16640K, 0% used [0x2f6c0000,0x2f6c0000,0x30700000)
  from space 2560K, 99% used [0x30980000,0x30bfc118,0x30c00000)
  to   space 2560K, 0% used [0x30700000,0x30700000,0x30980000)
 ParOldGen       total 43776K, used 4005K [0x12400000, 0x14ec0000, 0x2f6c0000)
  object space 43776K, 9% used [0x12400000,0x127e9680,0x14ec0000)
 Metaspace       used 11892K, capacity 12117K, committed 12288K, reserved 12672K
}

