# JRE version: OpenJDK Runtime Environment (8.0_422-b05) (build 1.8.0_422-422-b05)
# Java VM: OpenJDK Server VM (25.422-b05 mixed mode windows-x86 )
Heap:
 PSYoungGen      total 66816K, used 35328K [0x2f6c0000, 0x351c0000, 0x3e000000)
  eden space 62720K, 50% used [0x2f6c0000,0x3156de50,0x33400000)
  from space 4096K, 95% used [0x34dc0000,0x35192238,0x351c0000)
  to   space 10752K, 0% used [0x33cc0000,0x33cc0000,0x34740000)
 ParOldGen       total 47104K, used 23354K [0x12400000, 0x15200000, 0x2f6c0000)
  object space 47104K, 49% used [0x12400000,0x13aceb88,0x15200000)
 Metaspace       used 33037K, capacity 33496K, committed 33664K, reserved 34176K
GC Heap History (10 events):
Event: 6.533 GC heap before
{Heap before GC invocations=10 (full 2):
 PSYoungGen      total 59136K, used 6125K [0x2f6c0000, 0x33880000, 0x3e000000)
  eden space 51968K, 0% used [0x2f6c0000,0x2f6c0000,0x32980000)
  from space 7168K, 85% used [0x33100000,0x336fb708,0x33800000)
  to   space 7680K, 0% used [0x32980000,0x32980000,0x33100000)
 ParOldGen       total 33024K, used 8116K [0x12400000, 0x14440000, 0x2f6c0000)
  object space 33024K, 24% used [0x12400000,0x12bed278,0x14440000)
 Metaspace       used 26878K, capacity 27230K, committed 27308K, reserved 28032K
Event: 6.562 GC heap after
Heap after GC invocations=10 (full 2):
 PSYoungGen      total 59136K, used 0K [0x2f6c0000, 0x33880000, 0x3e000000)
  eden space 51968K, 0% used [0x2f6c0000,0x2f6c0000,0x32980000)
  from space 7168K, 0% used [0x33100000,0x33100000,0x33800000)
  to   space 7680K, 0% used [0x32980000,0x32980000,0x33100000)
 ParOldGen       total 47104K, used 11844K [0x12400000, 0x15200000, 0x2f6c0000)
  object space 47104K, 25% used [0x12400000,0x12f91118,0x15200000)
 Metaspace       used 26878K, capacity 27230K, committed 27308K, reserved 28032K
}
Event: 7.956 GC heap before
{Heap before GC invocations=11 (full 2):
 PSYoungGen      total 59136K, used 51968K [0x2f6c0000, 0x33880000, 0x3e000000)
  eden space 51968K, 100% used [0x2f6c0000,0x32980000,0x32980000)
  from space 7168K, 0% used [0x33100000,0x33100000,0x33800000)
  to   space 7680K, 0% used [0x32980000,0x32980000,0x33100000)
 ParOldGen       total 47104K, used 11844K [0x12400000, 0x15200000, 0x2f6c0000)
  object space 47104K, 25% used [0x12400000,0x12f91118,0x15200000)
 Metaspace       used 31202K, capacity 31640K, committed 31744K, reserved 32128K
Event: 7.964 GC heap after
Heap after GC invocations=11 (full 2):
 PSYoungGen      total 59648K, used 7674K [0x2f6c0000, 0x34980000, 0x3e000000)
  eden space 51968K, 0% used [0x2f6c0000,0x2f6c0000,0x32980000)
  from space 7680K, 99% used [0x32980000,0x330feb98,0x33100000)
  to   space 8960K, 0% used [0x340c0000,0x340c0000,0x34980000)
 ParOldGen       total 47104K, used 13063K [0x12400000, 0x15200000, 0x2f6c0000)
  object space 47104K, 27% used [0x12400000,0x130c1c10,0x15200000)
 Metaspace       used 31202K, capacity 31640K, committed 31744K, reserved 32128K
}
Event: 24.569 GC heap before
{Heap before GC invocations=12 (full 2):
 PSYoungGen      total 59648K, used 59642K [0x2f6c0000, 0x34980000, 0x3e000000)
  eden space 51968K, 100% used [0x2f6c0000,0x32980000,0x32980000)
  from space 7680K, 99% used [0x32980000,0x330feb98,0x33100000)
  to   space 8960K, 0% used [0x340c0000,0x340c0000,0x34980000)
 ParOldGen       total 47104K, used 13063K [0x12400000, 0x15200000, 0x2f6c0000)
  object space 47104K, 27% used [0x12400000,0x130c1c10,0x15200000)
 Metaspace       used 32196K, capacity 32641K, committed 32768K, reserved 33152K
Event: 24.575 GC heap after
Heap after GC invocations=12 (full 2):
 PSYoungGen      total 73728K, used 8949K [0x2f6c0000, 0x34b80000, 0x3e000000)
  eden space 64768K, 0% used [0x2f6c0000,0x2f6c0000,0x33600000)
  from space 8960K, 99% used [0x340c0000,0x3497d468,0x34980000)
  to   space 11008K, 0% used [0x33600000,0x33600000,0x340c0000)
 ParOldGen       total 47104K, used 15475K [0x12400000, 0x15200000, 0x2f6c0000)
  object space 47104K, 32% used [0x12400000,0x1331cf28,0x15200000)
 Metaspace       used 32196K, capacity 32641K, committed 32768K, reserved 33152K
}
Event: 120.153 GC heap before
{Heap before GC invocations=13 (full 2):
 PSYoungGen      total 73728K, used 73717K [0x2f6c0000, 0x34b80000, 0x3e000000)
  eden space 64768K, 100% used [0x2f6c0000,0x33600000,0x33600000)
  from space 8960K, 99% used [0x340c0000,0x3497d468,0x34980000)
  to   space 11008K, 0% used [0x33600000,0x33600000,0x340c0000)
 ParOldGen       total 47104K, used 15475K [0x12400000, 0x15200000, 0x2f6c0000)
  object space 47104K, 32% used [0x12400000,0x1331cf28,0x15200000)
 Metaspace       used 32798K, capacity 33235K, committed 33408K, reserved 34176K
Event: 120.159 GC heap after
Heap after GC invocations=13 (full 2):
 PSYoungGen      total 75776K, used 2471K [0x2f6c0000, 0x35880000, 0x3e000000)
  eden space 64768K, 0% used [0x2f6c0000,0x2f6c0000,0x33600000)
  from space 11008K, 22% used [0x33600000,0x33869f58,0x340c0000)
  to   space 11008K, 0% used [0x34dc0000,0x34dc0000,0x35880000)
 ParOldGen       total 47104K, used 23350K [0x12400000, 0x15200000, 0x2f6c0000)
  object space 47104K, 49% used [0x12400000,0x13acdb88,0x15200000)
 Metaspace       used 32798K, capacity 33235K, committed 33408K, reserved 34176K
}
Event: 278.271 GC heap before
{Heap before GC invocations=14 (full 2):
 PSYoungGen      total 75776K, used 67239K [0x2f6c0000, 0x35880000, 0x3e000000)
  eden space 64768K, 100% used [0x2f6c0000,0x33600000,0x33600000)
  from space 11008K, 22% used [0x33600000,0x33869f58,0x340c0000)
  to   space 11008K, 0% used [0x34dc0000,0x34dc0000,0x35880000)
 ParOldGen       total 47104K, used 23350K [0x12400000, 0x15200000, 0x2f6c0000)
  object space 47104K, 49% used [0x12400000,0x13acdb88,0x15200000)
 Metaspace       used 32951K, capacity 33400K, committed 33536K, reserved 34176K
Event: 278.273 GC heap after
Heap after GC invocations=14 (full 2):
 PSYoungGen      total 66816K, used 3912K [0x2f6c0000, 0x351c0000, 0x3e000000)
  eden space 62720K, 0% used [0x2f6c0000,0x2f6c0000,0x33400000)
  from space 4096K, 95% used [0x34dc0000,0x35192238,0x351c0000)
  to   space 10752K, 0% used [0x33cc0000,0x33cc0000,0x34740000)
 ParOldGen       total 47104K, used 23354K [0x12400000, 0x15200000, 0x2f6c0000)
  object space 47104K, 49% used [0x12400000,0x13aceb88,0x15200000)
 Metaspace       used 32951K, capacity 33400K, committed 33536K, reserved 34176K
}

